<?xml version="1.0" encoding="UTF-8"?>
<!-- Generated by org.testng.reporters.JUnitReportReporter -->
<testsuite hostname="SUJIT" failures="0" tests="1" name="testCases.TC_LF_001_LoginTest" time="1.969" errors="0" timestamp="2024-10-25T02:18:33 IST" skipped="0">
  <testcase classname="testCases.TC_LF_001_LoginTest" name="LoginTest" time="1.969"/>
</testsuite> <!-- testCases.TC_LF_001_LoginTest -->
