<?xml version="1.0" encoding="UTF-8"?>
<!-- Generated by org.testng.reporters.JUnitReportReporter -->
<testsuite hostname="SUJIT" failures="0" tests="1" name="testCases.TC_RF_001_AccountRegistrationTest" time="3.323" errors="0" timestamp="2024-10-31T02:17:09 IST" skipped="0">
  <testcase classname="testCases.TC_RF_001_AccountRegistrationTest" name="verifyAccountRegistration" time="3.323"/>
</testsuite> <!-- testCases.TC_RF_001_AccountRegistrationTest -->
